#
# There is insufficient memory for the Java Runtime Environment to continue.
# Native memory allocation (mmap) failed to map 132120576 bytes for G1 virtual space
# Possible reasons:
#   The system is out of physical RAM or swap space
#   The process is running with CompressedOops enabled, and the Java Heap may be blocking the growth of the native heap
# Possible solutions:
#   Reduce memory load on the system
#   Increase physical memory or swap space
#   Check if swap backing store is full
#   Decrease Java heap size (-Xmx/-Xms)
#   Decrease number of Java threads
#   Decrease Java thread stack sizes (-Xss)
#   Set larger code cache with -XX:ReservedCodeCacheSize=
#   JVM is running with Unscaled Compressed Oops mode in which the Java heap is
#     placed in the first 4GB address space. The Java Heap base address is the
#     maximum limit for the native heap growth. Please use -XX:HeapBaseMinAddress
#     to set the Java Heap base and to place the Java Heap above 4GB virtual address.
# This output file may be truncated or incomplete.
#
#  Out of Memory Error (os_windows.cpp:3528), pid=11600, tid=14880
#
# JRE version:  (20.0.2+9) (build )
# Java VM: Java HotSpot(TM) 64-Bit Server VM (20.0.2+9-78, mixed mode, sharing, tiered, compressed oops, compressed class ptrs, g1 gc, windows-amd64)
# No core dump will be written. Minidumps are not enabled by default on client versions of Windows
#

---------------  S U M M A R Y ------------

Command Line: -Dfile.encoding=UTF-8 --module-path=C:\Users\ROSHAN KUMAR\OneDrive\Documents\NetBeansProjects\Hotel Management System\build\classes hotel.management.system.Checkout

Host: 11th Gen Intel(R) Core(TM) i5-11300H @ 3.10GHz, 8 cores, 7G,  Windows 11 , 64 bit Build 22621 (10.0.22621.2428)
Time: Fri Nov 10 04:04:48 2023 India Standard Time elapsed time: 0.016420 seconds (0d 0h 0m 0s)

---------------  T H R E A D  ---------------

Current thread (0x000001adf78d6780):  JavaThread "Unknown thread" [_thread_in_vm, id=14880, stack(0x0000001d2e400000,0x0000001d2e500000)]

Stack: [0x0000001d2e400000,0x0000001d2e500000]
Native frames: (J=compiled Java code, j=interpreted, Vv=VM code, C=native code)
V  [jvm.dll+0x6bc25a]
V  [jvm.dll+0x84971a]
V  [jvm.dll+0x84b315]
V  [jvm.dll+0x84ba13]
V  [jvm.dll+0x280e4f]
V  [jvm.dll+0x6b8fe9]
V  [jvm.dll+0x6adbca]
V  [jvm.dll+0x35b165]
V  [jvm.dll+0x363386]
V  [jvm.dll+0x3b400e]
V  [jvm.dll+0x3b4295]
V  [jvm.dll+0x32b86a]
V  [jvm.dll+0x32c68b]
V  [jvm.dll+0x8123df]
V  [jvm.dll+0x3c1261]
V  [jvm.dll+0x7fe103]
V  [jvm.dll+0x44ccaf]
V  [jvm.dll+0x44e621]
C  [jli.dll+0x5287]
C  [ucrtbase.dll+0x29363]
C  [KERNEL32.DLL+0x1257d]
C  [ntdll.dll+0x5aa78]


---------------  P R O C E S S  ---------------

Threads class SMR info:
_java_thread_list=0x00007ffd4636b118, length=0, elements={
}

Java Threads: ( => current thread )

Other Threads:
  0x000001adf79378f0 WorkerThread "GC Thread#0" [stack: 0x0000001d2e500000,0x0000001d2e600000] [id=16936]
  0x000001adf7948040 ConcurrentGCThread "G1 Main Marker" [stack: 0x0000001d2e600000,0x0000001d2e700000] [id=23140]
  0x000001adf7948c10 WorkerThread "G1 Conc#0" [stack: 0x0000001d2e700000,0x0000001d2e800000] [id=33368]

[error occurred during error reporting (printing all threads), id 0xc0000005, EXCEPTION_ACCESS_VIOLATION (0xc0000005) at pc=0x00007ffd45b4eea7]
VM state: not at safepoint (not fully initialized)

VM Mutex/Monitor currently owned by a thread:  ([mutex/lock_event])
[0x000001adf78d3470] Heap_lock - owner thread: 0x000001adf78d6780

Heap address: 0x0000000083e00000, size: 1986 MB, Compressed Oops mode: 32-bit

CDS archive(s) mapped at: [0x0000000000000000-0x0000000000000000-0x0000000000000000), size 0, SharedBaseAddress: 0x0000000800000000, ArchiveRelocationMode: 1.
Narrow klass base: 0x0000000000000000, Narrow klass shift: 0, Narrow klass range: 0x0

GC Precious Log:
 CardTable entry size: 512
 Card Set container configuration: InlinePtr #cards 5 size 8 Array Of Cards #cards 12 size 40 Howl #buckets 4 coarsen threshold 1843 Howl Bitmap #cards 512 size 80 coarsen threshold 460 Card regions per heap region 1 cards per card region 2048

Heap:
 garbage-first heap   total 0K, used 0K [0x0000000083e00000, 0x0000000100000000)
  region size 1024K, 0 young (0K), 0 survivors (0K)

[error occurred during error reporting (printing heap information), id 0xc0000005, EXCEPTION_ACCESS_VIOLATION (0xc0000005) at pc=0x00007ffd45f247b9]
GC Heap History (0 events):
No events

Dll operation events (1 events):
Event: 0.010 Loaded shared library C:\Program Files\Java\jdk-20\bin\java.dll

Deoptimization events (0 events):
No events

Classes loaded (0 events):
No events

Classes unloaded (0 events):
No events

Classes redefined (0 events):
No events

Internal exceptions (0 events):
No events

VM Operations (0 events):
No events

Events (0 events):
No events


Dynamic libraries:
0x00007ff6c16c0000 - 0x00007ff6c16d0000 	C:\Program Files\Java\jdk-20\bin\java.exe
0x00007ffd99930000 - 0x00007ffd99b47000 	C:\WINDOWS\SYSTEM32\ntdll.dll
0x00007ffd98220000 - 0x00007ffd982e4000 	C:\WINDOWS\System32\KERNEL32.DLL
0x00007ffd96fe0000 - 0x00007ffd97386000 	C:\WINDOWS\System32\KERNELBASE.dll
0x00007ffd96ce0000 - 0x00007ffd96df1000 	C:\WINDOWS\System32\ucrtbase.dll
0x00007ffd8f2f0000 - 0x00007ffd8f30b000 	C:\Program Files\Java\jdk-20\bin\VCRUNTIME140.dll
0x00007ffd61160000 - 0x00007ffd61179000 	C:\Program Files\Java\jdk-20\bin\jli.dll
0x00007ffd99330000 - 0x00007ffd993e0000 	C:\WINDOWS\System32\ADVAPI32.dll
0x00007ffd97c10000 - 0x00007ffd97cb7000 	C:\WINDOWS\System32\msvcrt.dll
0x00007ffd97cc0000 - 0x00007ffd97d66000 	C:\WINDOWS\System32\sechost.dll
0x00007ffd987d0000 - 0x00007ffd988e7000 	C:\WINDOWS\System32\RPCRT4.dll
0x00007ffd984c0000 - 0x00007ffd9866d000 	C:\WINDOWS\System32\USER32.dll
0x00007ffd96cb0000 - 0x00007ffd96cd6000 	C:\WINDOWS\System32\win32u.dll
0x00007ffd77ae0000 - 0x00007ffd77d73000 	C:\WINDOWS\WinSxS\amd64_microsoft.windows.common-controls_6595b64144ccf1df_6.0.22621.2361_none_2712ced57382f843\COMCTL32.dll
0x00007ffd97ea0000 - 0x00007ffd97ec9000 	C:\WINDOWS\System32\GDI32.dll
0x00007ffd97570000 - 0x00007ffd97688000 	C:\WINDOWS\System32\gdi32full.dll
0x00007ffd97390000 - 0x00007ffd9742a000 	C:\WINDOWS\System32\msvcp_win.dll
0x00007ffd911e0000 - 0x00007ffd911ea000 	C:\WINDOWS\SYSTEM32\VERSION.dll
0x00007ffd992f0000 - 0x00007ffd99321000 	C:\WINDOWS\System32\IMM32.DLL
0x00007ffd8f2e0000 - 0x00007ffd8f2ec000 	C:\Program Files\Java\jdk-20\bin\vcruntime140_1.dll
0x00007ffd73e60000 - 0x00007ffd73eee000 	C:\Program Files\Java\jdk-20\bin\msvcp140.dll
0x00007ffd45810000 - 0x00007ffd464a8000 	C:\Program Files\Java\jdk-20\bin\server\jvm.dll
0x00007ffd8f420000 - 0x00007ffd8f454000 	C:\WINDOWS\SYSTEM32\WINMM.dll
0x00007ffd8f470000 - 0x00007ffd8f479000 	C:\WINDOWS\SYSTEM32\WSOCK32.dll
0x00007ffd97db0000 - 0x00007ffd97e21000 	C:\WINDOWS\System32\WS2_32.dll
0x00007ffd95de0000 - 0x00007ffd95df8000 	C:\WINDOWS\SYSTEM32\kernel.appcore.dll
0x00007ffd81aa0000 - 0x00007ffd81aaa000 	C:\Program Files\Java\jdk-20\bin\jimage.dll
0x00007ffd94020000 - 0x00007ffd9424e000 	C:\WINDOWS\SYSTEM32\DBGHELP.DLL
0x00007ffd977d0000 - 0x00007ffd97b5a000 	C:\WINDOWS\System32\combase.dll
0x00007ffd97690000 - 0x00007ffd97767000 	C:\WINDOWS\System32\OLEAUT32.dll
0x00007ffd881c0000 - 0x00007ffd881f2000 	C:\WINDOWS\SYSTEM32\dbgcore.DLL
0x00007ffd974f0000 - 0x00007ffd9756a000 	C:\WINDOWS\System32\bcryptPrimitives.dll
0x00007ffd7b0e0000 - 0x00007ffd7b106000 	C:\Program Files\Java\jdk-20\bin\java.dll

dbghelp: loaded successfully - version: 4.0.5 - missing functions: none
symbol engine: initialized successfully - sym options: 0x614 - pdb path: .;C:\Program Files\Java\jdk-20\bin;C:\WINDOWS\SYSTEM32;C:\WINDOWS\WinSxS\amd64_microsoft.windows.common-controls_6595b64144ccf1df_6.0.22621.2361_none_2712ced57382f843;C:\Program Files\Java\jdk-20\bin\server

VM Arguments:
jvm_args: -Dfile.encoding=UTF-8 --module-path=C:\Users\ROSHAN KUMAR\OneDrive\Documents\NetBeansProjects\Hotel Management System\build\classes 
java_command: hotel.management.system.Checkout
java_class_path (initial): C:\Users\ROSHAN KUMAR\Downloads;C:\Users\ROSHAN KUMAR\Downloads\mysql-connector-java-8.0.28.jar;C:\Users\ROSHAN KUMAR\Downloads\rs2xml.jar;C:\Users\ROSHAN KUMAR\OneDrive\Documents\NetBeansProjects\Hotel Management System\build\classes
Launcher Type: SUN_STANDARD

[Global flags]
     intx CICompilerCount                          = 4                                         {product} {ergonomic}
     uint ConcGCThreads                            = 2                                         {product} {ergonomic}
     uint G1ConcRefinementThreads                  = 8                                         {product} {ergonomic}
   size_t G1HeapRegionSize                         = 1048576                                   {product} {ergonomic}
    uintx GCDrainStackTargetSize                   = 64                                        {product} {ergonomic}
   size_t InitialHeapSize                          = 132120576                                 {product} {ergonomic}
   size_t MarkStackSize                            = 4194304                                   {product} {ergonomic}
   size_t MaxHeapSize                              = 2082471936                                {product} {ergonomic}
   size_t MinHeapDeltaBytes                        = 1048576                                   {product} {ergonomic}
   size_t MinHeapSize                              = 8388608                                   {product} {ergonomic}
    uintx NonNMethodCodeHeapSize                   = 5839372                                {pd product} {ergonomic}
    uintx NonProfiledCodeHeapSize                  = 122909434                              {pd product} {ergonomic}
    uintx ProfiledCodeHeapSize                     = 122909434                              {pd product} {ergonomic}
    uintx ReservedCodeCacheSize                    = 251658240                              {pd product} {ergonomic}
     bool SegmentedCodeCache                       = true                                      {product} {ergonomic}
   size_t SoftMaxHeapSize                          = 2082471936                             {manageable} {ergonomic}
     bool UseCompressedClassPointers               = true                           {product lp64_product} {ergonomic}
     bool UseCompressedOops                        = true                           {product lp64_product} {ergonomic}
     bool UseG1GC                                  = true                                      {product} {ergonomic}
     bool UseLargePagesIndividualAllocation        = false                                  {pd product} {ergonomic}

Logging:
Log output configuration:
 #0: stdout all=warning uptime,level,tags foldmultilines=false
 #1: stderr all=off uptime,level,tags foldmultilines=false

Environment Variables:
JAVA_HOME=C:\Program Files\Java\jdk-20
PATH=C:\Program Files\Common Files\Oracle\Java\javapath;C:\windows\system32;C:\windows;C:\windows\System32\Wbem;C:\windows\System32\WindowsPowerShell\v1.0\;C:\windows\System32\OpenSSH\;C:\Program Files (x86)\NVIDIA Corporation\PhysX\Common;C:\Program Files\NVIDIA Corporation\NVIDIA NvDLISR;C:\WINDOWS\system32;C:\WINDOWS;C:\WINDOWS\System32\Wbem;C:\WINDOWS\System32\WindowsPowerShell\v1.0\;C:\WINDOWS\System32\OpenSSH\;C:\MinGW\bin;C:\Program Files\nodejs\;C:\Program Files\Git\cmd;C:\Program Files\Java\jdk-20\bin;C:\Users\ROSHAN KUMAR\AppData\Local\Programs\Python\Python312\Scripts\;C:\Users\ROSHAN KUMAR\AppData\Local\Programs\Python\Python312\;C:\Program Files\MySQL\MySQL Shell 8.0\bin\;C:\MinGW\bin;C:\Users\ROSHAN KUMAR\AppData\Local\Programs\Microsoft VS Code\bin;C:\Users\ROSHAN KUMAR\AppData\Roaming\npm;C:\Users\ROSHAN KUMAR\AppData\Local\GitHubDesktop\bin
USERNAME=ROSHAN KUMAR
OS=Windows_NT
PROCESSOR_IDENTIFIER=Intel64 Family 6 Model 140 Stepping 1, GenuineIntel
TMP=C:\Users\ROSHAN~1\AppData\Local\Temp
TEMP=C:\Users\ROSHAN~1\AppData\Local\Temp




---------------  S Y S T E M  ---------------

OS:
 Windows 11 , 64 bit Build 22621 (10.0.22621.2428)
OS uptime: 26 days 4:16 hours

CPU: total 8 (initial active 8) (4 cores per cpu, 2 threads per core) family 6 model 140 stepping 1 microcode 0xa4, cx8, cmov, fxsr, ht, mmx, 3dnowpref, sse, sse2, sse3, ssse3, sse4.1, sse4.2, popcnt, lzcnt, tsc, tscinvbit, avx, avx2, aes, erms, clmul, bmi1, bmi2, adx, avx512f, avx512dq, avx512cd, avx512bw, avx512vl, sha, fma, vzeroupper, avx512_vpopcntdq, avx512_vpclmulqdq, avx512_vaes, avx512_vnni, clflush, clflushopt, clwb, avx512_vbmi2, avx512_vbmi, rdtscp, rdpid, fsrm, gfni, avx512_bitalg, f16c, pku, cet_ibt, cet_ss, avx512_ifma

Memory: 4k page, system-wide physical 7937M (292M free)
TotalPageFile size 32513M (AvailPageFile size 101M)
current process WorkingSet (physical memory assigned to process): 11M, peak: 11M
current process commit charge ("private bytes"): 60M, peak: 186M

vm_info: Java HotSpot(TM) 64-Bit Server VM (20.0.2+9-78) for windows-amd64 JRE (20.0.2+9-78), built on 2023-06-14T10:08:48Z by "mach5one" with MS VC++ 17.1 (VS2022)

END.
